<?xml version="1.0" encoding="UTF-8"?>
<testsuites name="Transaksi LLG" time="310.837" tests="1" failures="0" errors="0">
   <testsuite name="Transaksi LLG" tests="1" failures="0" errors="0" time="310.837" timestamp="2021-05-04 14:02:06" hostname="admin2 - 172.30.13.180" id="Test Suites/Test Suites Payment Maker/Transaksi LLG/Transaksi LLG">
      <properties>
         <property name="deviceName" value="iPhone"/>
         <property name="devicePlatform" value=""/>
         <property name="logFolder" value="/Users/admin2/Katalon Studio/Automation Test Velocity Mobile on ios/Reports/20210504_140202/Test Suites Payment Maker/Transaksi LLG/Transaksi LLG/20210504_140202"/>
         <property name="logFiles" value="/Users/admin2/Katalon Studio/Automation Test Velocity Mobile on ios/Reports/20210504_140202/Test Suites Payment Maker/Transaksi LLG/Transaksi LLG/20210504_140202/execution0.log, /Users/admin2/Katalon Studio/Automation Test Velocity Mobile on ios/Reports/20210504_140202/Test Suites Payment Maker/Transaksi LLG/Transaksi LLG/20210504_140202/appium.log, /Users/admin2/Katalon Studio/Automation Test Velocity Mobile on ios/Reports/20210504_140202/Test Suites Payment Maker/Transaksi LLG/Transaksi LLG/20210504_140202/appium-proxy-server.log"/>
         <property name="attachments" value=""/>
         <property name="hostName" value="admin2 - 172.30.13.180"/>
         <property name="os" value="Mac OS X 64bit"/>
         <property name="appiumServerStatus" value="{&quot;value&quot;:{&quot;build&quot;:{&quot;version&quot;:&quot;1.20.2&quot;}},&quot;sessionId&quot;:null,&quot;status&quot;:0}"/>
         <property name="katalonVersion" value="7.7.2.205"/>
         <property name="deviceOS" value="iOS"/>
         <property name="appiumVersion" value="1.20.2"/>
         <property name="deviceModel" value="iPhone11,8"/>
         <property name="hostAddress" value="172.30.13.180"/>
         <property name="deviceManufacturer" value="Apple"/>
         <property name="deviceId" value="00008020-000A0C383C69002E"/>
         <property name="deviceName" value="iPhone"/>
         <property name="deviceOSVersion" value="14.4"/>
      </properties>
      <testcase name="Test Cases/Menu - Transaction/PaymentMaker/Scenario/Fund Transfer/Domestic Transfer/Test Automation LLG IDR - IDR Monthly" time="310.583" classname="Test Cases/Menu - Transaction/PaymentMaker/Scenario/Fund Transfer/Domestic Transfer/Test Automation LLG IDR - IDR Monthly" status="PASSED">
         <system-out><![CDATA[2021-05-04 14:02:06 - [TEST_CASE][PASSED] - Test Cases/Menu - Transaction/PaymentMaker/Scenario/Fund Transfer/Domestic Transfer/Test Automation LLG IDR - IDR Monthly: Test Cases/Menu - Transaction/PaymentMaker/Scenario/Fund Transfer/Domestic Transfer/Test Automation LLG IDR - IDR Monthly

2021-05-04 14:02:06 - [TEST_STEP][PASSED] - callTestCase(findTestCase("Login/Test Automation Login Existing"), [:], STOP_ON_FAILURE): Call Test Case 'Test Cases/Login/Test Automation Login Existing' successfully

2021-05-04 14:02:06 - [TEST_CASE][PASSED] - Test Cases/Login/Test Automation Login Existing: Test Cases/Login/Test Automation Login Existing

2021-05-04 14:02:06 - [TEST_STEP][PASSED] - startApplication(G_iOSApp, false): Started app at: '/Users/admin2/Downloads/Velocity Mobile (2).ipa'

2021-05-04 14:02:17 - [MESSAGE][WARNING] - Failed to start ios_webkit_debug_proxy on default port 27753

2021-05-04 14:02:18 - [MESSAGE][INFO] - Appium server started on port 61,477

2021-05-04 14:02:31 - [MESSAGE][PASSED] - Started app at: '/Users/admin2/Downloads/Velocity Mobile (2).ipa'

2021-05-04 14:02:31 - [TEST_STEP][PASSED] - tap(findTestObject("Object Repository/Velocity Mobile/XCUIElementTypeButton - Not Now (9)"), G_Timeout): Tapped on element 'Object Repository/Velocity Mobile/XCUIElementTypeButton - Not Now (9)'

2021-05-04 14:02:31 - [MESSAGE][WARNING] - Timeout '0' is invalid. Using default page load timeout: '30'

2021-05-04 14:02:34 - [MESSAGE][PASSED] - Tapped on element 'Object Repository/Velocity Mobile/XCUIElementTypeButton - Not Now (9)'

2021-05-04 14:02:34 - [TEST_STEP][PASSED] - tap(findTestObject("Object Repository/Velocity Mobile/XCUIElementTypeButton - LOGIN (14)"), G_Timeout): Tapped on element 'Object Repository/Velocity Mobile/XCUIElementTypeButton - LOGIN (14)'

2021-05-04 14:02:34 - [MESSAGE][WARNING] - Timeout '0' is invalid. Using default page load timeout: '30'

2021-05-04 14:02:35 - [MESSAGE][PASSED] - Tapped on element 'Object Repository/Velocity Mobile/XCUIElementTypeButton - LOGIN (14)'

2021-05-04 14:02:35 - [TEST_STEP][PASSED] - setText(findTestObject("Object Repository/Velocity Mobile/XCUIElementTypeSecureTextField - Input Password (9)"), G_Password, G_Timeout): Text 'Testing1' has been set to element 'Object Repository/Velocity Mobile/XCUIElementTypeSecureTextField - Input Password (9)'

2021-05-04 14:02:35 - [MESSAGE][WARNING] - Timeout '0' is invalid. Using default page load timeout: '30'

2021-05-04 14:02:36 - [MESSAGE][PASSED] - Text 'Testing1' has been set to element 'Object Repository/Velocity Mobile/XCUIElementTypeSecureTextField - Input Password (9)'

2021-05-04 14:02:36 - [TEST_STEP][PASSED] - tap(findTestObject("Object Repository/Velocity Mobile/XCUIElementTypeButton - LOGIN (15)"), G_Timeout): Tapped on element 'Object Repository/Velocity Mobile/XCUIElementTypeButton - LOGIN (15)'

2021-05-04 14:02:36 - [MESSAGE][WARNING] - Timeout '0' is invalid. Using default page load timeout: '30'

2021-05-04 14:02:37 - [MESSAGE][PASSED] - Tapped on element 'Object Repository/Velocity Mobile/XCUIElementTypeButton - LOGIN (15)'

2021-05-04 14:02:37 - [TEST_STEP][PASSED] - tap(findTestObject("Object Repository/Velocity Mobile/XCUIElementTypeButton - Done (11)"), G_Timeout): Tapped on element 'Object Repository/Velocity Mobile/XCUIElementTypeButton - Done (11)'

2021-05-04 14:02:37 - [MESSAGE][WARNING] - Timeout '0' is invalid. Using default page load timeout: '30'

2021-05-04 14:02:38 - [MESSAGE][PASSED] - Tapped on element 'Object Repository/Velocity Mobile/XCUIElementTypeButton - Done (11)'

2021-05-04 14:02:38 - [TEST_STEP][PASSED] - tap(findTestObject("Object Repository/Velocity Mobile/XCUIElementTypeButton - LOGIN (16)"), G_Timeout): Tapped on element 'Object Repository/Velocity Mobile/XCUIElementTypeButton - LOGIN (16)'

2021-05-04 14:02:38 - [MESSAGE][WARNING] - Timeout '0' is invalid. Using default page load timeout: '30'

2021-05-04 14:02:39 - [MESSAGE][PASSED] - Tapped on element 'Object Repository/Velocity Mobile/XCUIElementTypeButton - LOGIN (16)'

2021-05-04 14:02:39 - [TEST_STEP][PASSED] - delay(15): Delayed 15 second(s)

2021-05-04 14:02:54 - [MESSAGE][PASSED] - Delayed 15 second(s)

2021-05-04 14:02:54 - [MESSAGE][PASSED] - Call Test Case 'Test Cases/Login/Test Automation Login Existing' successfully

2021-05-04 14:02:54 - [TEST_STEP][PASSED] - callTestCase(findTestCase("Menu - Transaction/PaymentMaker/Case/Fund Transfer/Domestic Transfer/Test Automation LLG IDR - IDR Monthly"), [:], STOP_ON_FAILURE): Call Test Case 'Test Cases/Menu - Transaction/PaymentMaker/Case/Fund Transfer/Domestic Transfer/Test Automation LLG IDR - IDR Monthly' successfully

2021-05-04 14:02:54 - [TEST_CASE][PASSED] - Test Cases/Menu - Transaction/PaymentMaker/Case/Fund Transfer/Domestic Transfer/Test Automation LLG IDR - IDR Monthly: Test Cases/Menu - Transaction/PaymentMaker/Case/Fund Transfer/Domestic Transfer/Test Automation LLG IDR - IDR Monthly

2021-05-04 14:02:55 - [TEST_STEP][PASSED] - tap(findTestObject("Object Repository/Velocity Mobile/XCUIElementTypeWindow (45)"), 0): Tapped on element 'Object Repository/Velocity Mobile/XCUIElementTypeWindow (45)'

2021-05-04 14:02:55 - [MESSAGE][WARNING] - Timeout '0' is invalid. Using default page load timeout: '30'

2021-05-04 14:02:56 - [MESSAGE][PASSED] - Tapped on element 'Object Repository/Velocity Mobile/XCUIElementTypeWindow (45)'

2021-05-04 14:02:56 - [TEST_STEP][PASSED] - tap(findTestObject("Object Repository/Velocity Mobile/XCUIElementTypeImage (61)"), 0): Tapped on element 'Object Repository/Velocity Mobile/XCUIElementTypeImage (61)'

2021-05-04 14:02:56 - [MESSAGE][WARNING] - Timeout '0' is invalid. Using default page load timeout: '30'

2021-05-04 14:02:59 - [MESSAGE][PASSED] - Tapped on element 'Object Repository/Velocity Mobile/XCUIElementTypeImage (61)'

2021-05-04 14:02:59 - [TEST_STEP][PASSED] - delay(15): Delayed 15 second(s)

2021-05-04 14:03:14 - [MESSAGE][PASSED] - Delayed 15 second(s)

2021-05-04 14:03:14 - [TEST_STEP][PASSED] - tap(findTestObject("Object Repository/Velocity Mobile/XCUIElementTypeButton (23)"), 0): Tapped on element 'Object Repository/Velocity Mobile/XCUIElementTypeButton (23)'

2021-05-04 14:03:14 - [MESSAGE][WARNING] - Timeout '0' is invalid. Using default page load timeout: '30'

2021-05-04 14:03:16 - [MESSAGE][PASSED] - Tapped on element 'Object Repository/Velocity Mobile/XCUIElementTypeButton (23)'

2021-05-04 14:03:16 - [TEST_STEP][PASSED] - tap(findTestObject("Object Repository/Velocity Mobile/XCUIElementTypeStaticText - Fund Transfer (2)"), 0): Tapped on element 'Object Repository/Velocity Mobile/XCUIElementTypeStaticText - Fund Transfer (2)'

2021-05-04 14:03:16 - [MESSAGE][WARNING] - Timeout '0' is invalid. Using default page load timeout: '30'

2021-05-04 14:03:18 - [MESSAGE][PASSED] - Tapped on element 'Object Repository/Velocity Mobile/XCUIElementTypeStaticText - Fund Transfer (2)'

2021-05-04 14:03:18 - [TEST_STEP][PASSED] - delay(10): Delayed 10 second(s)

2021-05-04 14:03:28 - [MESSAGE][PASSED] - Delayed 10 second(s)

2021-05-04 14:03:28 - [TEST_STEP][PASSED] - tap(findTestObject("Object Repository/Velocity Mobile/XCUIElementTypeStaticText - Domestic Transfer (1)"), 0): Tapped on element 'Object Repository/Velocity Mobile/XCUIElementTypeStaticText - Domestic Transfer (1)'

2021-05-04 14:03:28 - [MESSAGE][WARNING] - Timeout '0' is invalid. Using default page load timeout: '30'

2021-05-04 14:03:32 - [MESSAGE][PASSED] - Tapped on element 'Object Repository/Velocity Mobile/XCUIElementTypeStaticText - Domestic Transfer (1)'

2021-05-04 14:03:32 - [TEST_STEP][PASSED] - delay(15): Delayed 15 second(s)

2021-05-04 14:03:47 - [MESSAGE][PASSED] - Delayed 15 second(s)

2021-05-04 14:03:47 - [TEST_STEP][PASSED] - tap(findTestObject("Object Repository/Velocity Mobile/XCUIElementTypeStaticText - LLG (1)"), 0): Tapped on element 'Object Repository/Velocity Mobile/XCUIElementTypeStaticText - LLG (1)'

2021-05-04 14:03:47 - [MESSAGE][WARNING] - Timeout '0' is invalid. Using default page load timeout: '30'

2021-05-04 14:03:47 - [MESSAGE][PASSED] - Tapped on element 'Object Repository/Velocity Mobile/XCUIElementTypeStaticText - LLG (1)'

2021-05-04 14:03:47 - [TEST_STEP][PASSED] - tap(findTestObject("Object Repository/Velocity Mobile/XCUIElementTypeWindow (57)"), 0): Tapped on element 'Object Repository/Velocity Mobile/XCUIElementTypeWindow (57)'

2021-05-04 14:03:47 - [MESSAGE][WARNING] - Timeout '0' is invalid. Using default page load timeout: '30'

2021-05-04 14:03:48 - [MESSAGE][PASSED] - Tapped on element 'Object Repository/Velocity Mobile/XCUIElementTypeWindow (57)'

2021-05-04 14:03:48 - [TEST_STEP][PASSED] - delay(15): Delayed 15 second(s)

2021-05-04 14:04:03 - [MESSAGE][PASSED] - Delayed 15 second(s)

2021-05-04 14:04:03 - [TEST_STEP][PASSED] - tap(findTestObject("Object Repository/Velocity Mobile/XCUIElementTypeButton (18)"), 0): Tapped on element 'Object Repository/Velocity Mobile/XCUIElementTypeButton (18)'

2021-05-04 14:04:03 - [MESSAGE][WARNING] - Timeout '0' is invalid. Using default page load timeout: '30'

2021-05-04 14:04:04 - [MESSAGE][PASSED] - Tapped on element 'Object Repository/Velocity Mobile/XCUIElementTypeButton (18)'

2021-05-04 14:04:04 - [TEST_STEP][PASSED] - tap(findTestObject("Object Repository/Velocity Mobile/XCUIElementTypeWindow (57)"), 0): Tapped on element 'Object Repository/Velocity Mobile/XCUIElementTypeWindow (57)'

2021-05-04 14:04:04 - [MESSAGE][WARNING] - Timeout '0' is invalid. Using default page load timeout: '30'

2021-05-04 14:04:05 - [MESSAGE][PASSED] - Tapped on element 'Object Repository/Velocity Mobile/XCUIElementTypeWindow (57)'

2021-05-04 14:04:05 - [TEST_STEP][PASSED] - delay(10): Delayed 10 second(s)

2021-05-04 14:04:15 - [MESSAGE][PASSED] - Delayed 10 second(s)

2021-05-04 14:04:15 - [TEST_STEP][PASSED] - delay(5): Delayed 5 second(s)

2021-05-04 14:04:20 - [MESSAGE][PASSED] - Delayed 5 second(s)

2021-05-04 14:04:20 - [TEST_STEP][PASSED] - setText(findTestObject("Object Repository/Velocity Mobile/XCUIElementTypeSearchField - Type here to search (13)"), G_Debit, 0): Text '010800001900' has been set to element 'Object Repository/Velocity Mobile/XCUIElementTypeSearchField - Type here to search (13)'

2021-05-04 14:04:20 - [MESSAGE][WARNING] - Timeout '0' is invalid. Using default page load timeout: '30'

2021-05-04 14:04:41 - [MESSAGE][PASSED] - Text '010800001900' has been set to element 'Object Repository/Velocity Mobile/XCUIElementTypeSearchField - Type here to search (13)'

2021-05-04 14:04:41 - [TEST_STEP][PASSED] - delay(5): Delayed 5 second(s)

2021-05-04 14:04:46 - [MESSAGE][PASSED] - Delayed 5 second(s)

2021-05-04 14:04:46 - [TEST_STEP][PASSED] - tap(findTestObject("Object Repository/Velocity Mobile/XCUIElementTypeCell (16)"), 0): Tapped on element 'Object Repository/Velocity Mobile/XCUIElementTypeCell (16)'

2021-05-04 14:04:46 - [MESSAGE][WARNING] - Timeout '0' is invalid. Using default page load timeout: '30'

2021-05-04 14:04:48 - [MESSAGE][PASSED] - Tapped on element 'Object Repository/Velocity Mobile/XCUIElementTypeCell (16)'

2021-05-04 14:04:48 - [TEST_STEP][PASSED] - tap(findTestObject("Object Repository/Velocity Mobile/XCUIElementTypeButton (22)"), 0): Tapped on element 'Object Repository/Velocity Mobile/XCUIElementTypeButton (22)'

2021-05-04 14:04:48 - [MESSAGE][WARNING] - Timeout '0' is invalid. Using default page load timeout: '30'

2021-05-04 14:04:49 - [MESSAGE][PASSED] - Tapped on element 'Object Repository/Velocity Mobile/XCUIElementTypeButton (22)'

2021-05-04 14:04:49 - [TEST_STEP][PASSED] - delay(5): Delayed 5 second(s)

2021-05-04 14:04:54 - [MESSAGE][PASSED] - Delayed 5 second(s)

2021-05-04 14:04:54 - [TEST_STEP][PASSED] - tap(findTestObject("Object Repository/Velocity Mobile/XCUIElementTypeStaticText - GIRO FINTECH EDIT"), 0): Tapped on element 'Object Repository/Velocity Mobile/XCUIElementTypeStaticText - GIRO FINTECH EDIT'

2021-05-04 14:04:54 - [MESSAGE][WARNING] - Timeout '0' is invalid. Using default page load timeout: '30'

2021-05-04 14:04:57 - [MESSAGE][PASSED] - Tapped on element 'Object Repository/Velocity Mobile/XCUIElementTypeStaticText - GIRO FINTECH EDIT'

2021-05-04 14:04:57 - [TEST_STEP][PASSED] - delay(5): Delayed 5 second(s)

2021-05-04 14:05:02 - [MESSAGE][PASSED] - Delayed 5 second(s)

2021-05-04 14:05:02 - [TEST_STEP][PASSED] - tap(findTestObject("Object Repository/Velocity Mobile/XCUIElementTypeButton - CONTINUE (11)"), 0): Tapped on element 'Object Repository/Velocity Mobile/XCUIElementTypeButton - CONTINUE (11)'

2021-05-04 14:05:02 - [MESSAGE][WARNING] - Timeout '0' is invalid. Using default page load timeout: '30'

2021-05-04 14:05:03 - [MESSAGE][PASSED] - Tapped on element 'Object Repository/Velocity Mobile/XCUIElementTypeButton - CONTINUE (11)'

2021-05-04 14:05:03 - [TEST_STEP][PASSED] - setText(findTestObject("Object Repository/Velocity Mobile/XCUIElementTypeTextField - Input Amount (6)"), "12312312", 0): Text '12312312' has been set to element 'Object Repository/Velocity Mobile/XCUIElementTypeTextField - Input Amount (6)'

2021-05-04 14:05:03 - [MESSAGE][WARNING] - Timeout '0' is invalid. Using default page load timeout: '30'

2021-05-04 14:05:04 - [MESSAGE][PASSED] - Text '12312312' has been set to element 'Object Repository/Velocity Mobile/XCUIElementTypeTextField - Input Amount (6)'

2021-05-04 14:05:04 - [TEST_STEP][PASSED] - tap(findTestObject("Object Repository/Velocity Mobile/XCUIElementTypeButton - Done (69)"), 0): Tapped on element 'Object Repository/Velocity Mobile/XCUIElementTypeButton - Done (69)'

2021-05-04 14:05:04 - [MESSAGE][WARNING] - Timeout '0' is invalid. Using default page load timeout: '30'

2021-05-04 14:05:06 - [MESSAGE][PASSED] - Tapped on element 'Object Repository/Velocity Mobile/XCUIElementTypeButton - Done (69)'

2021-05-04 14:05:06 - [TEST_STEP][PASSED] - setText(findTestObject("Object Repository/Velocity Mobile/XCUIElementTypeTextField - Input Customer Ref No (3)"), "123123", 0): Text '123123' has been set to element 'Object Repository/Velocity Mobile/XCUIElementTypeTextField - Input Customer Ref No (3)'

2021-05-04 14:05:06 - [MESSAGE][WARNING] - Timeout '0' is invalid. Using default page load timeout: '30'

2021-05-04 14:05:07 - [MESSAGE][PASSED] - Text '123123' has been set to element 'Object Repository/Velocity Mobile/XCUIElementTypeTextField - Input Customer Ref No (3)'

2021-05-04 14:05:07 - [TEST_STEP][PASSED] - tap(findTestObject("Object Repository/Velocity Mobile/XCUIElementTypeButton - Done (69)"), 0): Tapped on element 'Object Repository/Velocity Mobile/XCUIElementTypeButton - Done (69)'

2021-05-04 14:05:07 - [MESSAGE][WARNING] - Timeout '0' is invalid. Using default page load timeout: '30'

2021-05-04 14:05:09 - [MESSAGE][PASSED] - Tapped on element 'Object Repository/Velocity Mobile/XCUIElementTypeButton - Done (69)'

2021-05-04 14:05:09 - [TEST_STEP][PASSED] - setText(findTestObject("Object Repository/Velocity Mobile/XCUIElementTypeTextField - Input Remarks (5)"), "Test Automation Katalon Ios", 0): Text 'Test Automation Katalon Ios' has been set to element 'Object Repository/Velocity Mobile/XCUIElementTypeTextField - Input Remarks (5)'

2021-05-04 14:05:09 - [MESSAGE][WARNING] - Timeout '0' is invalid. Using default page load timeout: '30'

2021-05-04 14:05:11 - [MESSAGE][PASSED] - Text 'Test Automation Katalon Ios' has been set to element 'Object Repository/Velocity Mobile/XCUIElementTypeTextField - Input Remarks (5)'

2021-05-04 14:05:11 - [TEST_STEP][PASSED] - tap(findTestObject("Object Repository/Velocity Mobile/XCUIElementTypeButton - Done (69)"), 0): Tapped on element 'Object Repository/Velocity Mobile/XCUIElementTypeButton - Done (69)'

2021-05-04 14:05:11 - [MESSAGE][WARNING] - Timeout '0' is invalid. Using default page load timeout: '30'

2021-05-04 14:05:13 - [MESSAGE][PASSED] - Tapped on element 'Object Repository/Velocity Mobile/XCUIElementTypeButton - Done (69)'

2021-05-04 14:05:13 - [TEST_STEP][PASSED] - scrollToText("Resident Status"): Scrolling to text 'Resident Status' successfully

2021-05-04 14:05:20 - [MESSAGE][PASSED] - Scrolling to text 'Resident Status' successfully

2021-05-04 14:05:20 - [TEST_STEP][PASSED] - tap(findTestObject("Object Repository/Velocity Mobile/XCUIElementTypeTextField - Choose Resident Status (1)"), 0): Tapped on element 'Object Repository/Velocity Mobile/XCUIElementTypeTextField - Choose Resident Status (1)'

2021-05-04 14:05:20 - [MESSAGE][WARNING] - Timeout '0' is invalid. Using default page load timeout: '30'

2021-05-04 14:05:21 - [MESSAGE][PASSED] - Tapped on element 'Object Repository/Velocity Mobile/XCUIElementTypeTextField - Choose Resident Status (1)'

2021-05-04 14:05:21 - [TEST_STEP][PASSED] - tap(findTestObject("Object Repository/Velocity Mobile/XCUIElementTypeButton - Resident (1)"), 0): Tapped on element 'Object Repository/Velocity Mobile/XCUIElementTypeButton - Resident (1)'

2021-05-04 14:05:21 - [MESSAGE][WARNING] - Timeout '0' is invalid. Using default page load timeout: '30'

2021-05-04 14:05:22 - [MESSAGE][PASSED] - Tapped on element 'Object Repository/Velocity Mobile/XCUIElementTypeButton - Resident (1)'

2021-05-04 14:05:22 - [TEST_STEP][PASSED] - tap(findTestObject("Object Repository/Velocity Mobile/XCUIElementTypeTextField - Choose Beneficiary Category"), 0): Tapped on element 'Object Repository/Velocity Mobile/XCUIElementTypeTextField - Choose Beneficiary Category'

2021-05-04 14:05:22 - [MESSAGE][WARNING] - Timeout '0' is invalid. Using default page load timeout: '30'

2021-05-04 14:05:24 - [MESSAGE][PASSED] - Tapped on element 'Object Repository/Velocity Mobile/XCUIElementTypeTextField - Choose Beneficiary Category'

2021-05-04 14:05:24 - [TEST_STEP][PASSED] - tap(findTestObject("Object Repository/Velocity Mobile/XCUIElementTypeButton - A0-INDIVIDUAL"), 0): Tapped on element 'Object Repository/Velocity Mobile/XCUIElementTypeButton - A0-INDIVIDUAL'

2021-05-04 14:05:24 - [MESSAGE][WARNING] - Timeout '0' is invalid. Using default page load timeout: '30'

2021-05-04 14:05:25 - [MESSAGE][PASSED] - Tapped on element 'Object Repository/Velocity Mobile/XCUIElementTypeButton - A0-INDIVIDUAL'

2021-05-04 14:05:25 - [TEST_STEP][PASSED] - scrollToText("Remitter"): Scrolling to text 'Remitter' successfully

2021-05-04 14:05:27 - [MESSAGE][PASSED] - Scrolling to text 'Remitter' successfully

2021-05-04 14:05:27 - [TEST_STEP][PASSED] - tap(findTestObject("Object Repository/Velocity Mobile/XCUIElementTypeTextField - Choose Remitter Category"), 0): Tapped on element 'Object Repository/Velocity Mobile/XCUIElementTypeTextField - Choose Remitter Category'

2021-05-04 14:05:27 - [MESSAGE][WARNING] - Timeout '0' is invalid. Using default page load timeout: '30'

2021-05-04 14:05:29 - [MESSAGE][PASSED] - Tapped on element 'Object Repository/Velocity Mobile/XCUIElementTypeTextField - Choose Remitter Category'

2021-05-04 14:05:29 - [TEST_STEP][PASSED] - tap(findTestObject("Object Repository/Velocity Mobile/XCUIElementTypeButton - A0-INDIVIDUAL"), 0): Tapped on element 'Object Repository/Velocity Mobile/XCUIElementTypeButton - A0-INDIVIDUAL'

2021-05-04 14:05:29 - [MESSAGE][WARNING] - Timeout '0' is invalid. Using default page load timeout: '30'

2021-05-04 14:05:30 - [MESSAGE][PASSED] - Tapped on element 'Object Repository/Velocity Mobile/XCUIElementTypeButton - A0-INDIVIDUAL'

2021-05-04 14:05:30 - [TEST_STEP][PASSED] - tap(findTestObject("Object Repository/Velocity Mobile/XCUIElementTypeWindow (45)"), 0): Tapped on element 'Object Repository/Velocity Mobile/XCUIElementTypeWindow (45)'

2021-05-04 14:05:30 - [MESSAGE][WARNING] - Timeout '0' is invalid. Using default page load timeout: '30'

2021-05-04 14:05:32 - [MESSAGE][PASSED] - Tapped on element 'Object Repository/Velocity Mobile/XCUIElementTypeWindow (45)'

2021-05-04 14:05:32 - [TEST_STEP][PASSED] - scrollToText("Transfer Frequency"): Scrolling to text 'Transfer Frequency' successfully

2021-05-04 14:05:42 - [MESSAGE][PASSED] - Scrolling to text 'Transfer Frequency' successfully

2021-05-04 14:05:42 - [TEST_STEP][PASSED] - tap(findTestObject("Object Repository/Velocity Mobile/XCUIElementTypeTextField - One Time (7)"), 0): Tapped on element 'Object Repository/Velocity Mobile/XCUIElementTypeTextField - One Time (7)'

2021-05-04 14:05:42 - [MESSAGE][WARNING] - Timeout '0' is invalid. Using default page load timeout: '30'

2021-05-04 14:05:43 - [MESSAGE][PASSED] - Tapped on element 'Object Repository/Velocity Mobile/XCUIElementTypeTextField - One Time (7)'

2021-05-04 14:05:43 - [TEST_STEP][PASSED] - tap(findTestObject("Object Repository/Velocity Mobile/XCUIElementTypeButton - Monthly Transaction (3)"), 0): Tapped on element 'Object Repository/Velocity Mobile/XCUIElementTypeButton - Monthly Transaction (3)'

2021-05-04 14:05:43 - [MESSAGE][WARNING] - Timeout '0' is invalid. Using default page load timeout: '30'

2021-05-04 14:05:45 - [MESSAGE][PASSED] - Tapped on element 'Object Repository/Velocity Mobile/XCUIElementTypeButton - Monthly Transaction (3)'

2021-05-04 14:05:45 - [TEST_STEP][PASSED] - tap(findTestObject("Object Repository/Velocity Mobile/XCUIElementTypeWindow (83)"), 0): Tapped on element 'Object Repository/Velocity Mobile/XCUIElementTypeWindow (83)'

2021-05-04 14:05:45 - [MESSAGE][WARNING] - Timeout '0' is invalid. Using default page load timeout: '30'

2021-05-04 14:05:46 - [MESSAGE][PASSED] - Tapped on element 'Object Repository/Velocity Mobile/XCUIElementTypeWindow (83)'

2021-05-04 14:05:46 - [TEST_STEP][PASSED] - scrollToText("End Date"): Scrolling to text 'End Date' successfully

2021-05-04 14:05:57 - [MESSAGE][PASSED] - Scrolling to text 'End Date' successfully

2021-05-04 14:05:57 - [TEST_STEP][PASSED] - tap(findTestObject("Object Repository/Velocity Mobile/XCUIElementTypeTextField - Choose Transaction Every (3)"), 0): Tapped on element 'Object Repository/Velocity Mobile/XCUIElementTypeTextField - Choose Transaction Every (3)'

2021-05-04 14:05:57 - [MESSAGE][WARNING] - Timeout '0' is invalid. Using default page load timeout: '30'

2021-05-04 14:05:59 - [MESSAGE][PASSED] - Tapped on element 'Object Repository/Velocity Mobile/XCUIElementTypeTextField - Choose Transaction Every (3)'

2021-05-04 14:05:59 - [TEST_STEP][PASSED] - tap(findTestObject("Object Repository/Velocity Mobile/XCUIElementTypeButton - 2nd of every month"), 0): Tapped on element 'Object Repository/Velocity Mobile/XCUIElementTypeButton - 2nd of every month'

2021-05-04 14:05:59 - [MESSAGE][WARNING] - Timeout '0' is invalid. Using default page load timeout: '30'

2021-05-04 14:06:00 - [MESSAGE][PASSED] - Tapped on element 'Object Repository/Velocity Mobile/XCUIElementTypeButton - 2nd of every month'

2021-05-04 14:06:00 - [TEST_STEP][PASSED] - tap(findTestObject("Object Repository/Velocity Mobile/XCUIElementTypeTextField - Date (15)"), 0): Tapped on element 'Object Repository/Velocity Mobile/XCUIElementTypeTextField - Date (15)'

2021-05-04 14:06:00 - [MESSAGE][WARNING] - Timeout '0' is invalid. Using default page load timeout: '30'

2021-05-04 14:06:02 - [MESSAGE][PASSED] - Tapped on element 'Object Repository/Velocity Mobile/XCUIElementTypeTextField - Date (15)'

2021-05-04 14:06:02 - [TEST_STEP][PASSED] - tap(findTestObject("Object Repository/Velocity Mobile/XCUIElementTypeButton - Done (71)"), 0): Tapped on element 'Object Repository/Velocity Mobile/XCUIElementTypeButton - Done (71)'

2021-05-04 14:06:02 - [MESSAGE][WARNING] - Timeout '0' is invalid. Using default page load timeout: '30'

2021-05-04 14:06:03 - [MESSAGE][PASSED] - Tapped on element 'Object Repository/Velocity Mobile/XCUIElementTypeButton - Done (71)'

2021-05-04 14:06:03 - [TEST_STEP][PASSED] - tap(findTestObject("Object Repository/Velocity Mobile/XCUIElementTypeTextField - Date (16)"), 0): Tapped on element 'Object Repository/Velocity Mobile/XCUIElementTypeTextField - Date (16)'

2021-05-04 14:06:03 - [MESSAGE][WARNING] - Timeout '0' is invalid. Using default page load timeout: '30'

2021-05-04 14:06:04 - [MESSAGE][PASSED] - Tapped on element 'Object Repository/Velocity Mobile/XCUIElementTypeTextField - Date (16)'

2021-05-04 14:06:04 - [TEST_STEP][PASSED] - tap(findTestObject("Object Repository/Velocity Mobile/XCUIElementTypeStaticText - Done (4)"), 0): Tapped on element 'Object Repository/Velocity Mobile/XCUIElementTypeStaticText - Done (4)'

2021-05-04 14:06:05 - [MESSAGE][WARNING] - Timeout '0' is invalid. Using default page load timeout: '30'

2021-05-04 14:06:06 - [MESSAGE][PASSED] - Tapped on element 'Object Repository/Velocity Mobile/XCUIElementTypeStaticText - Done (4)'

2021-05-04 14:06:06 - [TEST_STEP][PASSED] - tap(findTestObject("Object Repository/Velocity Mobile/XCUIElementTypeWindow (83)"), 0): Tapped on element 'Object Repository/Velocity Mobile/XCUIElementTypeWindow (83)'

2021-05-04 14:06:06 - [MESSAGE][WARNING] - Timeout '0' is invalid. Using default page load timeout: '30'

2021-05-04 14:06:07 - [MESSAGE][PASSED] - Tapped on element 'Object Repository/Velocity Mobile/XCUIElementTypeWindow (83)'

2021-05-04 14:06:07 - [TEST_STEP][PASSED] - delay(7): Delayed 7 second(s)

2021-05-04 14:06:14 - [MESSAGE][PASSED] - Delayed 7 second(s)

2021-05-04 14:06:14 - [TEST_STEP][PASSED] - tap(findTestObject("Object Repository/Velocity Mobile/XCUIElementTypeButton - CONTINUE (12)"), 0): Tapped on element 'Object Repository/Velocity Mobile/XCUIElementTypeButton - CONTINUE (12)'

2021-05-04 14:06:14 - [MESSAGE][WARNING] - Timeout '0' is invalid. Using default page load timeout: '30'

2021-05-04 14:06:16 - [MESSAGE][PASSED] - Tapped on element 'Object Repository/Velocity Mobile/XCUIElementTypeButton - CONTINUE (12)'

2021-05-04 14:06:16 - [TEST_STEP][PASSED] - delay(5): Delayed 5 second(s)

2021-05-04 14:06:21 - [MESSAGE][PASSED] - Delayed 5 second(s)

2021-05-04 14:06:21 - [TEST_STEP][PASSED] - tap(findTestObject("Object Repository/Velocity Mobile/XCUIElementTypeButton - CONTINUE (2)"), 0): Tapped on element 'Object Repository/Velocity Mobile/XCUIElementTypeButton - CONTINUE (2)'

2021-05-04 14:06:21 - [MESSAGE][WARNING] - Timeout '0' is invalid. Using default page load timeout: '30'

2021-05-04 14:06:22 - [MESSAGE][PASSED] - Tapped on element 'Object Repository/Velocity Mobile/XCUIElementTypeButton - CONTINUE (2)'

2021-05-04 14:06:22 - [TEST_STEP][PASSED] - delay(10): Delayed 10 second(s)

2021-05-04 14:06:32 - [MESSAGE][PASSED] - Delayed 10 second(s)

2021-05-04 14:06:32 - [TEST_STEP][PASSED] - tap(findTestObject("Object Repository/Velocity Mobile/XCUIElementTypeWindow (45)"), 0): Tapped on element 'Object Repository/Velocity Mobile/XCUIElementTypeWindow (45)'

2021-05-04 14:06:32 - [MESSAGE][WARNING] - Timeout '0' is invalid. Using default page load timeout: '30'

2021-05-04 14:06:33 - [MESSAGE][PASSED] - Tapped on element 'Object Repository/Velocity Mobile/XCUIElementTypeWindow (45)'

2021-05-04 14:06:33 - [TEST_STEP][PASSED] - tap(findTestObject("Object Repository/Velocity Mobile/XCUIElementTypeButton - CONTINUE (2)"), 0): Tapped on element 'Object Repository/Velocity Mobile/XCUIElementTypeButton - CONTINUE (2)'

2021-05-04 14:06:33 - [MESSAGE][WARNING] - Timeout '0' is invalid. Using default page load timeout: '30'

2021-05-04 14:06:34 - [MESSAGE][PASSED] - Tapped on element 'Object Repository/Velocity Mobile/XCUIElementTypeButton - CONTINUE (2)'

2021-05-04 14:06:34 - [TEST_STEP][PASSED] - delay(10): Delayed 10 second(s)

2021-05-04 14:06:44 - [MESSAGE][PASSED] - Delayed 10 second(s)

2021-05-04 14:06:44 - [TEST_STEP][PASSED] - tap(findTestObject("Object Repository/Velocity Mobile/XCUIElementTypeWindow (45)"), 0): Tapped on element 'Object Repository/Velocity Mobile/XCUIElementTypeWindow (45)'

2021-05-04 14:06:44 - [MESSAGE][WARNING] - Timeout '0' is invalid. Using default page load timeout: '30'

2021-05-04 14:06:46 - [MESSAGE][PASSED] - Tapped on element 'Object Repository/Velocity Mobile/XCUIElementTypeWindow (45)'

2021-05-04 14:06:46 - [TEST_STEP][PASSED] - tap(findTestObject("Object Repository/Velocity Mobile/XCUIElementTypeButton - DONE (54)"), 0): Tapped on element 'Object Repository/Velocity Mobile/XCUIElementTypeButton - DONE (54)'

2021-05-04 14:06:46 - [MESSAGE][WARNING] - Timeout '0' is invalid. Using default page load timeout: '30'

2021-05-04 14:06:47 - [MESSAGE][PASSED] - Tapped on element 'Object Repository/Velocity Mobile/XCUIElementTypeButton - DONE (54)'

2021-05-04 14:06:47 - [TEST_STEP][PASSED] - tap(findTestObject("Object Repository/Velocity Mobile/XCUIElementTypeStaticText - Transactions (4)"), 0): Tapped on element 'Object Repository/Velocity Mobile/XCUIElementTypeStaticText - Transactions (4)'

2021-05-04 14:06:47 - [MESSAGE][WARNING] - Timeout '0' is invalid. Using default page load timeout: '30'

2021-05-04 14:06:49 - [MESSAGE][PASSED] - Tapped on element 'Object Repository/Velocity Mobile/XCUIElementTypeStaticText - Transactions (4)'

2021-05-04 14:06:49 - [TEST_STEP][PASSED] - delay(10): Delayed 10 second(s)

2021-05-04 14:06:59 - [MESSAGE][PASSED] - Delayed 10 second(s)

2021-05-04 14:06:59 - [MESSAGE][PASSED] - Call Test Case 'Test Cases/Menu - Transaction/PaymentMaker/Case/Fund Transfer/Domestic Transfer/Test Automation LLG IDR - IDR Monthly' successfully

2021-05-04 14:06:59 - [TEST_STEP][PASSED] - callTestCase(findTestCase("Login/Test Automation LogOut"), [:], STOP_ON_FAILURE): Call Test Case 'Test Cases/Login/Test Automation LogOut' successfully

2021-05-04 14:06:59 - [TEST_CASE][PASSED] - Test Cases/Login/Test Automation LogOut: Test Cases/Login/Test Automation LogOut

2021-05-04 14:06:59 - [TEST_STEP][PASSED] - tap(findTestObject("Object Repository/Velocity Mobile/XCUIElementTypeButton - btn logout (5)"), 0): Tapped on element 'Object Repository/Velocity Mobile/XCUIElementTypeButton - btn logout (5)'

2021-05-04 14:06:59 - [MESSAGE][WARNING] - Timeout '0' is invalid. Using default page load timeout: '30'

2021-05-04 14:07:01 - [MESSAGE][PASSED] - Tapped on element 'Object Repository/Velocity Mobile/XCUIElementTypeButton - btn logout (5)'

2021-05-04 14:07:01 - [TEST_STEP][PASSED] - delay(15): Delayed 15 second(s)

2021-05-04 14:07:16 - [MESSAGE][PASSED] - Delayed 15 second(s)

2021-05-04 14:07:16 - [TEST_STEP][PASSED] - closeApplication(): Close app successfully

2021-05-04 14:07:17 - [MESSAGE][PASSED] - Close app successfully

2021-05-04 14:07:17 - [MESSAGE][PASSED] - Call Test Case 'Test Cases/Login/Test Automation LogOut' successfully]]></system-out>
         <system-err><![CDATA[]]></system-err>
      </testcase>
      <system-out><![CDATA[2021-05-04 14:02:06 - [TEST_SUITE][PASSED] - Transaksi LLG: Test Cases/Menu - Transaction/PaymentMaker/Scenario/Fund Transfer/Domestic Transfer/Test Automation LLG IDR - IDR Monthly]]></system-out>
      <system-err><![CDATA[]]></system-err>
   </testsuite>
</testsuites>
